#
# There is insufficient memory for the Java Runtime Environment to continue.
# Native memory allocation (malloc) failed to allocate 32744 bytes for ChunkPool::allocate
# Possible reasons:
#   The system is out of physical RAM or swap space
#   The process is running with CompressedOops enabled, and the Java Heap may be blocking the growth of the native heap
# Possible solutions:
#   Reduce memory load on the system
#   Increase physical memory or swap space
#   Check if swap backing store is full
#   Decrease Java heap size (-Xmx/-Xms)
#   Decrease number of Java threads
#   Decrease Java thread stack sizes (-Xss)
#   Set larger code cache with -XX:ReservedCodeCacheSize=
#   JVM is running with Unscaled Compressed Oops mode in which the Java heap is
#     placed in the first 4GB address space. The Java Heap base address is the
#     maximum limit for the native heap growth. Please use -XX:HeapBaseMinAddress
#     to set the Java Heap base and to place the Java Heap above 4GB virtual address.
# This output file may be truncated or incomplete.
#
#  Out of Memory Error (allocation.cpp:272), pid=15484, tid=0x0000000000004dbc
#
# JRE version: OpenJDK Runtime Environment (8.0_242-b01) (build 1.8.0_242-release-1644-b01)
# Java VM: OpenJDK 64-Bit Server VM (25.242-b01 mixed mode windows-amd64 compressed oops)
# Failed to write core dump. Minidumps are not enabled by default on client versions of Windows
#

---------------  T H R E A D  ---------------

Current thread (0x0000000018634000):  JavaThread "C2 CompilerThread2" daemon [_thread_in_native, id=19900, stack(0x0000000019d80000,0x0000000019e80000)]

Stack: [0x0000000019d80000,0x0000000019e80000]
[error occurred during error reporting (printing stack bounds), id 0xc0000005]

Native frames: (J=compiled Java code, j=interpreted, Vv=VM code, C=native code)


Current CompileTask:
C2:   6921 8434       4       org.objectweb.asm.ClassReader::readCode (3575 bytes)


---------------  P R O C E S S  ---------------

Java Threads: ( => current thread )
  0x0000000022bb4800 JavaThread "Cache worker for execution history cache (D:\android_workspace\Text\.gradle\5.4.1\executionHistory)" [_thread_blocked, id=3420, stack(0x0000000026820000,0x0000000026920000)]
  0x0000000022bb3800 JavaThread "Execution worker for ':' Thread 11" [_thread_blocked, id=5656, stack(0x0000000027960000,0x0000000027a60000)]
  0x0000000022bac000 JavaThread "Execution worker for ':' Thread 10" [_thread_blocked, id=12884, stack(0x0000000027860000,0x0000000027960000)]
  0x0000000022bb2000 JavaThread "Execution worker for ':' Thread 9" [_thread_blocked, id=5352, stack(0x0000000027760000,0x0000000027860000)]
  0x0000000022bb0800 JavaThread "Execution worker for ':' Thread 8" [_thread_in_native, id=8812, stack(0x0000000027660000,0x0000000027760000)]
  0x0000000022bb0000 JavaThread "Execution worker for ':' Thread 7" [_thread_in_native, id=3792, stack(0x0000000027560000,0x0000000027660000)]
  0x0000000022baf000 JavaThread "Execution worker for ':' Thread 6" [_thread_blocked, id=4148, stack(0x0000000027460000,0x0000000027560000)]
  0x0000000022bb3000 JavaThread "Execution worker for ':' Thread 5" [_thread_blocked, id=692, stack(0x0000000027360000,0x0000000027460000)]
  0x0000000022bb1800 JavaThread "Execution worker for ':' Thread 4" [_thread_blocked, id=6596, stack(0x0000000027260000,0x0000000027360000)]
  0x0000000022baa800 JavaThread "Execution worker for ':' Thread 3" [_thread_blocked, id=19392, stack(0x0000000027160000,0x0000000027260000)]
  0x0000000022bae800 JavaThread "Execution worker for ':' Thread 2" [_thread_in_Java, id=1980, stack(0x0000000027060000,0x0000000027160000)]
  0x0000000022ba7000 JavaThread "Execution worker for ':'" [_thread_in_Java, id=18116, stack(0x0000000026f60000,0x0000000027060000)]
  0x0000000022ba9000 JavaThread "Cache worker for file content cache (D:\android_workspace\Text\.gradle\5.4.1\fileContent)" [_thread_blocked, id=16692, stack(0x0000000026520000,0x0000000026620000)]
  0x0000000022bad000 JavaThread "Cache worker for file content cache (C:\Users\jinzh\.gradle\caches\5.4.1\fileContent)" [_thread_blocked, id=3216, stack(0x0000000026420000,0x0000000026520000)]
  0x0000000022bad800 JavaThread "Memory manager" [_thread_blocked, id=16548, stack(0x00000000258a0000,0x00000000259a0000)]
  0x000000001e98e800 JavaThread "Cache worker for Build Output Cleanup Cache (D:\android_workspace\Text\.gradle\buildOutputCleanup)" [_thread_blocked, id=12200, stack(0x00000000255a0000,0x00000000256a0000)]
  0x000000001e995800 JavaThread "pool-1-thread-1" [_thread_blocked, id=17416, stack(0x0000000022d60000,0x0000000022e60000)]
  0x000000001e995000 JavaThread "Build operations Thread 12" [_thread_blocked, id=19556, stack(0x0000000023ed0000,0x0000000023fd0000)]
  0x000000001e993800 JavaThread "Build operations Thread 11" [_thread_blocked, id=11436, stack(0x0000000023cd0000,0x0000000023dd0000)]
  0x000000001e991800 JavaThread "Build operations Thread 10" [_thread_blocked, id=12396, stack(0x0000000023bd0000,0x0000000023cd0000)]
  0x000000001e992800 JavaThread "Build operations Thread 9" [_thread_blocked, id=16568, stack(0x0000000023ad0000,0x0000000023bd0000)]
  0x000000001e994000 JavaThread "Build operations Thread 8" [_thread_blocked, id=8552, stack(0x00000000239d0000,0x0000000023ad0000)]
  0x000000001e991000 JavaThread "Build operations Thread 7" [_thread_blocked, id=19832, stack(0x00000000238d0000,0x00000000239d0000)]
  0x000000001e98f800 JavaThread "Build operations Thread 6" [_thread_blocked, id=19412, stack(0x00000000237d0000,0x00000000238d0000)]
  0x000000001e990000 JavaThread "Build operations Thread 5" [_thread_blocked, id=17792, stack(0x00000000236d0000,0x00000000237d0000)]
  0x000000001e987000 JavaThread "Build operations Thread 4" [_thread_blocked, id=18684, stack(0x00000000235d0000,0x00000000236d0000)]
  0x000000001e98e000 JavaThread "Build operations Thread 3" [_thread_blocked, id=15272, stack(0x00000000234d0000,0x00000000235d0000)]
  0x000000001e986800 JavaThread "Build operations Thread 2" [_thread_blocked, id=9992, stack(0x00000000233d0000,0x00000000234d0000)]
  0x000000001e98d000 JavaThread "Build operations" [_thread_blocked, id=13244, stack(0x00000000232d0000,0x00000000233d0000)]
  0x000000001e98b800 JavaThread "Cache worker for execution history cache (C:\Users\jinzh\.gradle\caches\5.4.1\executionHistory)" [_thread_blocked, id=16852, stack(0x0000000021a20000,0x0000000021b20000)]
  0x000000001e98b000 JavaThread "Cache worker for cache directory md-rule (C:\Users\jinzh\.gradle\caches\5.4.1\md-rule)" [_thread_blocked, id=19048, stack(0x0000000021920000,0x0000000021a20000)]
  0x000000001e988000 JavaThread "Cache worker for cache directory md-supplier (C:\Users\jinzh\.gradle\caches\5.4.1\md-supplier)" [_thread_blocked, id=18656, stack(0x0000000020170000,0x0000000020270000)]
  0x0000000018631000 JavaThread "Cache worker for file hash cache (D:\android_workspace\Text\.gradle\5.4.1\fileHashes)" [_thread_blocked, id=15456, stack(0x000000001eea0000,0x000000001efa0000)]
  0x0000000018630800 JavaThread "Cache worker for journal cache (C:\Users\jinzh\.gradle\caches\journal-1)" [_thread_blocked, id=10564, stack(0x000000001d9d0000,0x000000001dad0000)]
  0x000000001862f000 JavaThread "File lock request listener" [_thread_in_native, id=18816, stack(0x000000001d8d0000,0x000000001d9d0000)]
  0x000000001b5d1800 JavaThread "Cache worker for file hash cache (C:\Users\jinzh\.gradle\caches\5.4.1\fileHashes)" [_thread_blocked, id=8716, stack(0x000000001d7d0000,0x000000001d8d0000)]
  0x000000001b50c800 JavaThread "Thread-9" [_thread_blocked, id=2384, stack(0x000000001c700000,0x000000001c800000)]
  0x000000001b7d0800 JavaThread "Stdin handler" [_thread_blocked, id=6308, stack(0x000000001c600000,0x000000001c700000)]
  0x000000001b51c800 JavaThread "Asynchronous log dispatcher for DefaultDaemonConnection: socket connection from /127.0.0.1:62444 to /127.0.0.1:62445" [_thread_blocked, id=9088, stack(0x000000001c500000,0x000000001c600000)]
  0x000000001aefe800 JavaThread "Daemon worker" [_thread_blocked, id=10588, stack(0x000000001c400000,0x000000001c500000)]
  0x000000001b7bf800 JavaThread "Cancel handler" [_thread_blocked, id=5964, stack(0x000000001c300000,0x000000001c400000)]
  0x000000001aef6000 JavaThread "Handler for socket connection from /127.0.0.1:62444 to /127.0.0.1:62445" [_thread_in_native, id=4700, stack(0x000000001c000000,0x000000001c100000)]
  0x000000001aef3800 JavaThread "Daemon" [_thread_blocked, id=18296, stack(0x000000001bf00000,0x000000001c000000)]
  0x000000001aee6800 JavaThread "Daemon periodic checks" [_thread_blocked, id=7904, stack(0x000000001be00000,0x000000001bf00000)]
  0x000000001af9e000 JavaThread "Incoming local TCP Connector on port 62444" [_thread_in_native, id=15524, stack(0x000000001bc50000,0x000000001bd50000)]
  0x000000001b20c000 JavaThread "Daemon health stats" [_thread_blocked, id=15012, stack(0x000000001b950000,0x000000001ba50000)]
  0x00000000186c5800 JavaThread "Service Thread" daemon [_thread_blocked, id=17604, stack(0x0000000019f80000,0x000000001a080000)]
  0x000000001862d800 JavaThread "C1 CompilerThread3" daemon [_thread_blocked, id=8976, stack(0x0000000019e80000,0x0000000019f80000)]
=>0x0000000018634000 JavaThread "C2 CompilerThread2" daemon [_thread_in_native, id=19900, stack(0x0000000019d80000,0x0000000019e80000)]
  0x0000000018633800 JavaThread "C2 CompilerThread1" daemon [_thread_in_native, id=15132, stack(0x0000000019c80000,0x0000000019d80000)]
  0x000000001862a000 JavaThread "C2 CompilerThread0" daemon [_thread_in_native, id=13872, stack(0x0000000019b80000,0x0000000019c80000)]
  0x0000000018625000 JavaThread "Attach Listener" daemon [_thread_blocked, id=10708, stack(0x0000000019a80000,0x0000000019b80000)]
  0x0000000018624000 JavaThread "Signal Dispatcher" daemon [_thread_blocked, id=17780, stack(0x0000000019980000,0x0000000019a80000)]
  0x0000000016ee2000 JavaThread "Finalizer" daemon [_thread_blocked, id=7712, stack(0x0000000019820000,0x0000000019920000)]
  0x00000000185b3000 JavaThread "Reference Handler" daemon [_thread_blocked, id=9324, stack(0x0000000019720000,0x0000000019820000)]
  0x000000000111e000 JavaThread "main" [_thread_blocked, id=9316, stack(0x0000000002d20000,0x0000000002e20000)]

Other Threads:
  0x0000000018592800 VMThread [stack: 0x0000000019620000,0x0000000019720000] [id=1340]
  0x00000000186cf000 WatcherThread [stack: 0x000000001a080000,0x000000001a180000] [id=17364]

VM state:not at safepoint (normal execution)

VM Mutex/Monitor currently owned by a thread: None

heap address: 0x00000000a0000000, size: 1536 MB, Compressed Oops mode: 32-bit
Narrow klass base: 0x0000000000000000, Narrow klass shift: 3
Compressed class space size: 1073741824 Address: 0x0000000100000000

Heap:
 PSYoungGen      total 192000K, used 150589K [0x00000000e0000000, 0x00000000edf00000, 0x0000000100000000)
  eden space 174592K, 81% used [0x00000000e0000000,0x00000000e8b79140,0x00000000eaa80000)
  from space 17408K, 44% used [0x00000000ec080000,0x00000000ec8162e0,0x00000000ed180000)
  to   space 22528K, 0% used [0x00000000eaa80000,0x00000000eaa80000,0x00000000ec080000)
 ParOldGen       total 232448K, used 91299K [0x00000000a0000000, 0x00000000ae300000, 0x00000000e0000000)
  object space 232448K, 39% used [0x00000000a0000000,0x00000000a5928d78,0x00000000ae300000)
 Metaspace       used 69295K, capacity 72272K, committed 72472K, reserved 1112064K
  class space    used 9305K, capacity 9991K, committed 10024K, reserved 1048576K

Card table byte_map: [0x00000000122e0000,0x00000000125f0000] byte_map_base: 0x0000000011de0000

Marking Bits: (ParMarkBitMap*) 0x0000000055e7f030
 Begin Bits: [0x00000000131f0000, 0x00000000149f0000)
 End Bits:   [0x00000000149f0000, 0x00000000161f0000)

Polling page: 0x0000000000bf0000

CodeCache: size=245760Kb used=25321Kb max_used=25526Kb free=220438Kb
 bounds [0x0000000002f20000, 0x0000000004850000, 0x0000000011f20000]
 total_blobs=8811 nmethods=7957 adapters=766
 compilation: enabled

Compilation events (10 events):
Event: 6.904 Thread 0x000000001862d800 9045   !   2       com.android.utils.PathUtils::deleteRecursivelyIfExists (208 bytes)
Event: 6.906 Thread 0x000000001862d800 nmethod 9045 0x0000000003062490 code [0x0000000003062800, 0x00000000030638f8]
Event: 6.906 Thread 0x000000001862d800 9046       2       java.nio.file.Files::deleteIfExists (9 bytes)
Event: 6.906 Thread 0x000000001862d800 nmethod 9046 0x00000000031692d0 code [0x0000000003169440, 0x00000000031695e8]
Event: 6.906 Thread 0x000000001862d800 9047       2       sun.nio.fs.AbstractFileSystemProvider::deleteIfExists (7 bytes)
Event: 6.906 Thread 0x000000001862d800 nmethod 9047 0x00000000034744d0 code [0x0000000003474640, 0x00000000034747c8]
Event: 6.907 Thread 0x000000001862d800 9049       2       org.objectweb.asm.commons.SignatureRemapper::visitInterface (10 bytes)
Event: 6.907 Thread 0x000000001862d800 nmethod 9049 0x0000000003970a90 code [0x0000000003970c00, 0x0000000003970d88]
Event: 6.907 Thread 0x000000001862d800 9050       2       org.objectweb.asm.signature.SignatureWriter::visitInterface (2 bytes)
Event: 6.907 Thread 0x000000001862d800 nmethod 9050 0x0000000003716010 code [0x0000000003716160, 0x00000000037162b0]

GC Heap History (10 events):
Event: 6.187 GC heap before
{Heap before GC invocations=13 (full 3):
 PSYoungGen      total 197120K, used 174592K [0x00000000e0000000, 0x00000000edf00000, 0x0000000100000000)
  eden space 174592K, 100% used [0x00000000e0000000,0x00000000eaa80000,0x00000000eaa80000)
  from space 22528K, 0% used [0x00000000eaa80000,0x00000000eaa80000,0x00000000ec080000)
  to   space 17408K, 0% used [0x00000000ec080000,0x00000000ec080000,0x00000000ed180000)
 ParOldGen       total 232448K, used 33051K [0x00000000a0000000, 0x00000000ae300000, 0x00000000e0000000)
  object space 232448K, 14% used [0x00000000a0000000,0x00000000a2046e68,0x00000000ae300000)
 Metaspace       used 63502K, capacity 66310K, committed 66456K, reserved 1105920K
  class space    used 8639K, capacity 9269K, committed 9384K, reserved 1048576K
Event: 6.195 GC heap after
Heap after GC invocations=13 (full 3):
 PSYoungGen      total 192000K, used 17174K [0x00000000e0000000, 0x00000000edf00000, 0x0000000100000000)
  eden space 174592K, 0% used [0x00000000e0000000,0x00000000e0000000,0x00000000eaa80000)
  from space 17408K, 98% used [0x00000000ec080000,0x00000000ed145940,0x00000000ed180000)
  to   space 22528K, 0% used [0x00000000eaa80000,0x00000000eaa80000,0x00000000ec080000)
 ParOldGen       total 232448K, used 33059K [0x00000000a0000000, 0x00000000ae300000, 0x00000000e0000000)
  object space 232448K, 14% used [0x00000000a0000000,0x00000000a2048e68,0x00000000ae300000)
 Metaspace       used 63502K, capacity 66310K, committed 66456K, reserved 1105920K
  class space    used 8639K, capacity 9269K, committed 9384K, reserved 1048576K
}
Event: 6.398 GC heap before
{Heap before GC invocations=14 (full 3):
 PSYoungGen      total 192000K, used 191766K [0x00000000e0000000, 0x00000000edf00000, 0x0000000100000000)
  eden space 174592K, 100% used [0x00000000e0000000,0x00000000eaa80000,0x00000000eaa80000)
  from space 17408K, 98% used [0x00000000ec080000,0x00000000ed145940,0x00000000ed180000)
  to   space 22528K, 0% used [0x00000000eaa80000,0x00000000eaa80000,0x00000000ec080000)
 ParOldGen       total 232448K, used 33059K [0x00000000a0000000, 0x00000000ae300000, 0x00000000e0000000)
  object space 232448K, 14% used [0x00000000a0000000,0x00000000a2048e68,0x00000000ae300000)
 Metaspace       used 66323K, capacity 69302K, committed 69400K, reserved 1110016K
  class space    used 8997K, capacity 9686K, committed 9768K, reserved 1048576K
Event: 6.413 GC heap after
Heap after GC invocations=14 (full 3):
 PSYoungGen      total 197120K, used 22498K [0x00000000e0000000, 0x00000000edf00000, 0x0000000100000000)
  eden space 174592K, 0% used [0x00000000e0000000,0x00000000e0000000,0x00000000eaa80000)
  from space 22528K, 99% used [0x00000000eaa80000,0x00000000ec078850,0x00000000ec080000)
  to   space 17408K, 0% used [0x00000000ec080000,0x00000000ec080000,0x00000000ed180000)
 ParOldGen       total 232448K, used 51713K [0x00000000a0000000, 0x00000000ae300000, 0x00000000e0000000)
  object space 232448K, 22% used [0x00000000a0000000,0x00000000a3280490,0x00000000ae300000)
 Metaspace       used 66323K, capacity 69302K, committed 69400K, reserved 1110016K
  class space    used 8997K, capacity 9686K, committed 9768K, reserved 1048576K
}
Event: 6.593 GC heap before
{Heap before GC invocations=15 (full 3):
 PSYoungGen      total 197120K, used 197090K [0x00000000e0000000, 0x00000000edf00000, 0x0000000100000000)
  eden space 174592K, 100% used [0x00000000e0000000,0x00000000eaa80000,0x00000000eaa80000)
  from space 22528K, 99% used [0x00000000eaa80000,0x00000000ec078850,0x00000000ec080000)
  to   space 17408K, 0% used [0x00000000ec080000,0x00000000ec080000,0x00000000ed180000)
 ParOldGen       total 232448K, used 51713K [0x00000000a0000000, 0x00000000ae300000, 0x00000000e0000000)
  object space 232448K, 22% used [0x00000000a0000000,0x00000000a3280490,0x00000000ae300000)
 Metaspace       used 67042K, capacity 70008K, committed 70168K, reserved 1110016K
  class space    used 9059K, capacity 9751K, committed 9768K, reserved 1048576K
Event: 6.606 GC heap after
Heap after GC invocations=15 (full 3):
 PSYoungGen      total 192000K, used 11079K [0x00000000e0000000, 0x00000000edf00000, 0x0000000100000000)
  eden space 174592K, 0% used [0x00000000e0000000,0x00000000e0000000,0x00000000eaa80000)
  from space 17408K, 63% used [0x00000000ec080000,0x00000000ecb51c08,0x00000000ed180000)
  to   space 22528K, 0% used [0x00000000eaa80000,0x00000000eaa80000,0x00000000ec080000)
 ParOldGen       total 232448K, used 73995K [0x00000000a0000000, 0x00000000ae300000, 0x00000000e0000000)
  object space 232448K, 31% used [0x00000000a0000000,0x00000000a4842d68,0x00000000ae300000)
 Metaspace       used 67042K, capacity 70008K, committed 70168K, reserved 1110016K
  class space    used 9059K, capacity 9751K, committed 9768K, reserved 1048576K
}
Event: 6.716 GC heap before
{Heap before GC invocations=16 (full 3):
 PSYoungGen      total 192000K, used 185671K [0x00000000e0000000, 0x00000000edf00000, 0x0000000100000000)
  eden space 174592K, 100% used [0x00000000e0000000,0x00000000eaa80000,0x00000000eaa80000)
  from space 17408K, 63% used [0x00000000ec080000,0x00000000ecb51c08,0x00000000ed180000)
  to   space 22528K, 0% used [0x00000000eaa80000,0x00000000eaa80000,0x00000000ec080000)
 ParOldGen       total 232448K, used 73995K [0x00000000a0000000, 0x00000000ae300000, 0x00000000e0000000)
  object space 232448K, 31% used [0x00000000a0000000,0x00000000a4842d68,0x00000000ae300000)
 Metaspace       used 68713K, capacity 71554K, committed 71960K, reserved 1112064K
  class space    used 9243K, capacity 9924K, committed 10024K, reserved 1048576K
Event: 6.722 GC heap after
Heap after GC invocations=16 (full 3):
 PSYoungGen      total 197120K, used 7642K [0x00000000e0000000, 0x00000000edf00000, 0x0000000100000000)
  eden space 174592K, 0% used [0x00000000e0000000,0x00000000e0000000,0x00000000eaa80000)
  from space 22528K, 33% used [0x00000000eaa80000,0x00000000eb1f6bd0,0x00000000ec080000)
  to   space 17408K, 0% used [0x00000000ec080000,0x00000000ec080000,0x00000000ed180000)
 ParOldGen       total 232448K, used 84462K [0x00000000a0000000, 0x00000000ae300000, 0x00000000e0000000)
  object space 232448K, 36% used [0x00000000a0000000,0x00000000a527b948,0x00000000ae300000)
 Metaspace       used 68713K, capacity 71554K, committed 71960K, reserved 1112064K
  class space    used 9243K, capacity 9924K, committed 10024K, reserved 1048576K
}
Event: 6.815 GC heap before
{Heap before GC invocations=17 (full 3):
 PSYoungGen      total 197120K, used 182234K [0x00000000e0000000, 0x00000000edf00000, 0x0000000100000000)
  eden space 174592K, 100% used [0x00000000e0000000,0x00000000eaa80000,0x00000000eaa80000)
  from space 22528K, 33% used [0x00000000eaa80000,0x00000000eb1f6bd0,0x00000000ec080000)
  to   space 17408K, 0% used [0x00000000ec080000,0x00000000ec080000,0x00000000ed180000)
 ParOldGen       total 232448K, used 84462K [0x00000000a0000000, 0x00000000ae300000, 0x00000000e0000000)
  object space 232448K, 36% used [0x00000000a0000000,0x00000000a527b948,0x00000000ae300000)
 Metaspace       used 69228K, capacity 72144K, committed 72472K, reserved 1112064K
  class space    used 9300K, capacity 9991K, committed 10024K, reserved 1048576K
Event: 6.820 GC heap after
Heap after GC invocations=17 (full 3):
 PSYoungGen      total 192000K, used 7768K [0x00000000e0000000, 0x00000000edf00000, 0x0000000100000000)
  eden space 174592K, 0% used [0x00000000e0000000,0x00000000e0000000,0x00000000eaa80000)
  from space 17408K, 44% used [0x00000000ec080000,0x00000000ec8162e0,0x00000000ed180000)
  to   space 22528K, 0% used [0x00000000eaa80000,0x00000000eaa80000,0x00000000ec080000)
 ParOldGen       total 232448K, used 91299K [0x00000000a0000000, 0x00000000ae300000, 0x00000000e0000000)
  object space 232448K, 39% used [0x00000000a0000000,0x00000000a5928d78,0x00000000ae300000)
 Metaspace       used 69228K, capacity 72144K, committed 72472K, reserved 1112064K
  class space    used 9300K, capacity 9991K, committed 10024K, reserved 1048576K
}

Deoptimization events (10 events):
Event: 6.583 Thread 0x0000000022bae800 Uncommon trap: reason=unstable_if action=reinterpret pc=0x0000000003121c60 method=org.objectweb.asm.Type.getType([CI)Lorg/objectweb/asm/Type; @ 165
Event: 6.607 Thread 0x0000000022bb0000 Uncommon trap: reason=unstable_if action=reinterpret pc=0x00000000042a0fc8 method=com.google.common.collect.ImmutableCollection$ArrayBasedBuilder.getReadyToExpandTo(I)V @ 41
Event: 6.656 Thread 0x0000000022bb0000 Uncommon trap: reason=unstable_if action=reinterpret pc=0x00000000039da698 method=com.sun.org.apache.xerces.internal.impl.XMLEntityScanner.scanContent(Lcom/sun/org/apache/xerces/internal/xni/XMLString;)I @ 418
Event: 6.658 Thread 0x0000000022bb0000 Uncommon trap: reason=unstable_if action=reinterpret pc=0x00000000047485c8 method=com.sun.org.apache.xerces.internal.impl.XMLEntityScanner.scanLiteral(ILcom/sun/org/apache/xerces/internal/xni/XMLString;Z)I @ 44
Event: 6.669 Thread 0x0000000022ba7000 Uncommon trap: reason=unstable_if action=reinterpret pc=0x00000000036dc228 method=org.objectweb.asm.Type.getType([CI)Lorg/objectweb/asm/Type; @ 165
Event: 6.685 Thread 0x0000000022bb0000 Uncommon trap: reason=unstable_if action=reinterpret pc=0x0000000004041a38 method=com.sun.org.apache.xerces.internal.dom.DeferredDocumentImpl.clearChunkValue([[Ljava/lang/Object;II)Ljava/lang/String; @ 3
Event: 6.794 Thread 0x0000000022bb0000 Uncommon trap: reason=speculate_class_check action=maybe_recompile pc=0x00000000042f37dc method=java.util.AbstractList.listIterator()Ljava/util/ListIterator; @ 2
Event: 6.794 Thread 0x0000000022bb0000 Uncommon trap: reason=speculate_class_check action=maybe_recompile pc=0x00000000042f37dc method=java.util.AbstractList.listIterator()Ljava/util/ListIterator; @ 2
Event: 6.794 Thread 0x0000000022bb0000 Uncommon trap: reason=speculate_class_check action=maybe_recompile pc=0x00000000042f37dc method=java.util.AbstractList.listIterator()Ljava/util/ListIterator; @ 2
Event: 6.794 Thread 0x0000000022bb0000 Uncommon trap: reason=speculate_class_check action=maybe_recompile pc=0x00000000042f37dc method=java.util.AbstractList.listIterator()Ljava/util/ListIterator; @ 2

Classes redefined (0 events):
No events

Internal exceptions (10 events):
Event: 6.204 Thread 0x000000001b50c800 Exception <a 'java/lang/NoSuchMethodError': <clinit>> (0x00000000e0011568) thrown at [C:\src\AOSP-openjdk-git\hotspot\src\share\vm\prims\jni.cpp, line 1615]
Event: 6.205 Thread 0x000000001b50c800 Exception <a 'java/lang/NoSuchMethodError': <clinit>> (0x00000000e001d218) thrown at [C:\src\AOSP-openjdk-git\hotspot\src\share\vm\prims\jni.cpp, line 1615]
Event: 6.206 Thread 0x000000001b50c800 Exception <a 'java/lang/NoSuchMethodError': <clinit>> (0x00000000e002e430) thrown at [C:\src\AOSP-openjdk-git\hotspot\src\share\vm\prims\jni.cpp, line 1615]
Event: 6.207 Thread 0x000000001b50c800 Exception <a 'java/lang/NoSuchMethodError': <clinit>> (0x00000000e0036e20) thrown at [C:\src\AOSP-openjdk-git\hotspot\src\share\vm\prims\jni.cpp, line 1615]
Event: 6.220 Thread 0x000000001b50c800 Exception <a 'java/lang/NoSuchMethodError': <clinit>> (0x00000000e00415d8) thrown at [C:\src\AOSP-openjdk-git\hotspot\src\share\vm\prims\jni.cpp, line 1615]
Event: 6.221 Thread 0x000000001b50c800 Exception <a 'java/lang/NoSuchMethodError': <clinit>> (0x00000000e00588b0) thrown at [C:\src\AOSP-openjdk-git\hotspot\src\share\vm\prims\jni.cpp, line 1615]
Event: 6.222 Thread 0x000000001b50c800 Exception <a 'java/lang/NoSuchMethodError': <clinit>> (0x00000000e005a3e0) thrown at [C:\src\AOSP-openjdk-git\hotspot\src\share\vm\prims\jni.cpp, line 1615]
Event: 6.222 Thread 0x000000001b50c800 Exception <a 'java/lang/NoSuchMethodError': <clinit>> (0x00000000e005c270) thrown at [C:\src\AOSP-openjdk-git\hotspot\src\share\vm\prims\jni.cpp, line 1615]
Event: 6.296 Thread 0x000000001b50c800 Exception <a 'java/lang/NoSuchMethodError': <clinit>> (0x00000000e1d0af88) thrown at [C:\src\AOSP-openjdk-git\hotspot\src\share\vm\prims\jni.cpp, line 1615]
Event: 6.685 Thread 0x0000000022bb0000 Implicit null exception at 0x000000000404189e to 0x0000000004041a21

Events (10 events):
Event: 6.873 Thread 0x000000001862d800 flushing nmethod 0x0000000004352190
Event: 6.873 Thread 0x000000001862d800 flushing nmethod 0x0000000004359090
Event: 6.873 Thread 0x000000001862d800 flushing nmethod 0x000000000438be10
Event: 6.880 Thread 0x000000001862d800 flushing nmethod 0x0000000004445e50
Event: 6.880 Thread 0x000000001862d800 flushing nmethod 0x000000000446c690
Event: 6.880 Thread 0x000000001862d800 flushing nmethod 0x00000000044be690
Event: 6.880 Thread 0x000000001862d800 flushing nmethod 0x00000000044be9d0
Event: 6.880 Thread 0x000000001862d800 flushing nmethod 0x00000000044c1590
Event: 6.881 Thread 0x000000001862d800 flushing nmethod 0x00000000044c9650
Event: 6.881 Thread 0x000000001862d800 flushing nmethod 0x00000000044cdc50


Dynamic libraries:
0x00007ff68ac50000 - 0x00007ff68ac81000 	D:\program files\Android Studio\jre\bin\java.exe
0x00007ff9f7130000 - 0x00007ff9f7326000 	C:\Windows\SYSTEM32\ntdll.dll
0x00007ff9f67e0000 - 0x00007ff9f689d000 	C:\Windows\System32\KERNEL32.DLL
0x00007ff9f4870000 - 0x00007ff9f4b39000 	C:\Windows\System32\KERNELBASE.dll
0x00007ff9f5240000 - 0x00007ff9f52ec000 	C:\Windows\System32\ADVAPI32.dll
0x00007ff9f5f80000 - 0x00007ff9f601e000 	C:\Windows\System32\msvcrt.dll
0x00007ff9f52f0000 - 0x00007ff9f538c000 	C:\Windows\System32\sechost.dll
0x00007ff9f63e0000 - 0x00007ff9f650b000 	C:\Windows\System32\RPCRT4.dll
0x00007ff9f5440000 - 0x00007ff9f55e0000 	C:\Windows\System32\USER32.dll
0x00007ff9f5110000 - 0x00007ff9f5132000 	C:\Windows\System32\win32u.dll
0x00007ff9f5390000 - 0x00007ff9f53ba000 	C:\Windows\System32\GDI32.dll
0x00007ff9f4c40000 - 0x00007ff9f4d4b000 	C:\Windows\System32\gdi32full.dll
0x00007ff9f4eb0000 - 0x00007ff9f4f4d000 	C:\Windows\System32\msvcp_win.dll
0x00007ff9f4b40000 - 0x00007ff9f4c40000 	C:\Windows\System32\ucrtbase.dll
0x00007ff9e49c0000 - 0x00007ff9e4c5b000 	C:\Windows\WinSxS\amd64_microsoft.windows.common-controls_6595b64144ccf1df_6.0.19041.746_none_ca02b4b61b8320a4\COMCTL32.dll
0x00007ff9f55f0000 - 0x00007ff9f5620000 	C:\Windows\System32\IMM32.DLL
0x0000000056250000 - 0x0000000056322000 	D:\program files\Android Studio\jre\jre\bin\msvcr100.dll
0x00000000556b0000 - 0x0000000055efb000 	D:\program files\Android Studio\jre\jre\bin\server\jvm.dll
0x00007ff9f66f0000 - 0x00007ff9f66f8000 	C:\Windows\System32\PSAPI.DLL
0x00007ff9d6a50000 - 0x00007ff9d6a59000 	C:\Windows\SYSTEM32\WSOCK32.dll
0x00007ff9e6750000 - 0x00007ff9e6777000 	C:\Windows\SYSTEM32\WINMM.dll
0x00007ff9ef1d0000 - 0x00007ff9ef1da000 	C:\Windows\SYSTEM32\VERSION.dll
0x00007ff9f6220000 - 0x00007ff9f628b000 	C:\Windows\System32\WS2_32.dll
0x00007ff9d6a40000 - 0x00007ff9d6a4f000 	D:\program files\Android Studio\jre\jre\bin\verify.dll
0x00007ff9c2580000 - 0x00007ff9c25a9000 	D:\program files\Android Studio\jre\jre\bin\java.dll
0x00007ff9c2560000 - 0x00007ff9c2576000 	D:\program files\Android Studio\jre\jre\bin\zip.dll
0x00007ff9f5830000 - 0x00007ff9f5f73000 	C:\Windows\System32\SHELL32.dll
0x00007ff9f29f0000 - 0x00007ff9f317f000 	C:\Windows\SYSTEM32\windows.storage.dll
0x00007ff9f6d30000 - 0x00007ff9f7086000 	C:\Windows\System32\combase.dll
0x00007ff9f4200000 - 0x00007ff9f422c000 	C:\Windows\SYSTEM32\Wldp.dll
0x00007ff9f6640000 - 0x00007ff9f66ee000 	C:\Windows\System32\SHCORE.dll
0x00007ff9f6290000 - 0x00007ff9f62e5000 	C:\Windows\System32\shlwapi.dll
0x00007ff9f47a0000 - 0x00007ff9f47c6000 	C:\Windows\SYSTEM32\profapi.dll
0x00007ff9b6300000 - 0x00007ff9b631a000 	D:\program files\Android Studio\jre\jre\bin\net.dll
0x00007ff9f3f80000 - 0x00007ff9f3fea000 	C:\Windows\system32\mswsock.dll
0x00007ff9b4dc0000 - 0x00007ff9b4dd3000 	D:\program files\Android Studio\jre\jre\bin\nio.dll
0x00007ff9d3060000 - 0x00007ff9d3086000 	C:\Users\jinzh\.gradle\native\29\windows-amd64\native-platform.dll
0x00007ff9b4db0000 - 0x00007ff9b4dbd000 	D:\program files\Android Studio\jre\jre\bin\management.dll
0x00007ff9f4150000 - 0x00007ff9f4168000 	C:\Windows\SYSTEM32\CRYPTSP.dll
0x00007ff9f3920000 - 0x00007ff9f3954000 	C:\Windows\system32\rsaenh.dll
0x00007ff9f4f50000 - 0x00007ff9f4f77000 	C:\Windows\System32\bcrypt.dll
0x00007ff9f4720000 - 0x00007ff9f474e000 	C:\Windows\SYSTEM32\USERENV.dll
0x00007ff9f5090000 - 0x00007ff9f5110000 	C:\Windows\System32\bcryptprimitives.dll
0x00007ff9f4170000 - 0x00007ff9f417c000 	C:\Windows\SYSTEM32\CRYPTBASE.dll
0x00007ff9f3c70000 - 0x00007ff9f3cab000 	C:\Windows\SYSTEM32\IPHLPAPI.DLL
0x00007ff9f6510000 - 0x00007ff9f6518000 	C:\Windows\System32\NSI.dll
0x00007ff9ef070000 - 0x00007ff9ef087000 	C:\Windows\SYSTEM32\dhcpcsvc6.DLL
0x00007ff9ef050000 - 0x00007ff9ef06d000 	C:\Windows\SYSTEM32\dhcpcsvc.DLL
0x00007ff9f3cb0000 - 0x00007ff9f3d7b000 	C:\Windows\SYSTEM32\DNSAPI.dll
0x00007ff9d6f10000 - 0x00007ff9d6f34000 	D:\program files\Android Studio\jre\jre\bin\sunec.dll
0x00007ff9ec4d0000 - 0x00007ff9ec4da000 	C:\Windows\System32\rasadhlp.dll
0x00007ff9ef560000 - 0x00007ff9ef5df000 	C:\Windows\System32\fwpuclnt.dll
0x00007ff9d80f0000 - 0x00007ff9d80fb000 	D:\program files\Android Studio\jre\jre\bin\sunmscapi.dll
0x00007ff9f4d50000 - 0x00007ff9f4ea6000 	C:\Windows\System32\CRYPT32.dll

VM Arguments:
jvm_args: -Xmx1536m -Dfile.encoding=GBK -Duser.country=CN -Duser.language=zh -Duser.variant 
java_command: org.gradle.launcher.daemon.bootstrap.GradleDaemon 5.4.1
java_class_path (initial): C:\Users\jinzh\.gradle\wrapper\dists\gradle-5.4.1-all\3221gyojl5jsh0helicew7rwx\gradle-5.4.1\lib\gradle-launcher-5.4.1.jar
Launcher Type: SUN_STANDARD

Environment Variables:
JAVA_HOME=D:\program files\Android Studio\jre
CLASSPATH=.;D:\program files\Android Studio\jre\bin;D:\program files\Android Studio\jre\lib\dt.jar;D:\program files\Android Studio\jre\lib\tools.jar
PATH=C:\Windows\system32;C:\Windows;C:\Windows\System32\Wbem;C:\Windows\System32\WindowsPowerShell\v1.0\;C:\Windows\System32\OpenSSH\;C:\Program Files\Git\cmd;C:\Program Files\TortoiseGit\bin;C:\Program Files (x86)\Subversion\bin;C:\Program Files\TortoiseSVN\bin;D:\SDK\tools;D:\SDK\platform-tools;D:\program files\Android Studio\jre\bin;D:\program files\Android Studio\jre\jre\bin;D:\program files\flutter\bin;C:\Users\jinzh\AppData\Local\Microsoft\WindowsApps;
USERNAME=jinzh
OS=Windows_NT
PROCESSOR_IDENTIFIER=Intel64 Family 6 Model 165 Stepping 3, GenuineIntel



---------------  S Y S T E M  ---------------

OS: Windows 10.0 , 64 bit Build 19041 (10.0.19041.662)

CPU:total 12 (initial active 12) (6 cores per cpu, 2 threads per core) family 6 model 165 stepping 3, cmov, cx8, fxsr, mmx, sse, sse2, sse3, ssse3, sse4.1, sse4.2, popcnt, avx, avx2, aes, clmul, erms, 3dnowpref, lzcnt, ht, tsc, tscinvbit, bmi1, bmi2, adx

Memory: 4k page, physical 16667180k(5226132k free), swap 29774380k(5216k free)

vm_info: OpenJDK 64-Bit Server VM (25.242-b01) for windows-amd64 JRE (1.8.0_242-release-1644-b01), built by "builder" with MS VC++ 10.0 (VS2010)

time: Wed Jan 27 12:33:35 2021
timezone: 中国标准时间
elapsed time: 6 seconds (0d 0h 0m 6s)

